COMMAND
docker run --rm -v /Users/rashid/1_IMC_Analysis/12_workflowIMC/step_by_step_reproduction/data:/data -u 502:20 ghcr.io/bodenmillergroup/steinbock:0.16.1 preprocess imc images --hpf 50

STDOUT


STDERR
WARNING: The requested image's platform (linux/amd64) does not match the detected host platform (linux/arm64/v8) and no specific platform was requested
2026-04-23 10:36:34,514 INFO steinbock - img/TS-373_IMC09_B_001.tiff
2026-04-23 10:36:35,215 INFO steinbock - img/TS-373_IMC09_B_002.tiff
2026-04-23 10:36:35,903 INFO steinbock - img/TS-373_IMC05_MGUS_001.tiff
2026-04-23 10:36:36,607 INFO steinbock - img/TS-373_IMC05_MGUS_002.tiff
2026-04-23 10:36:37,346 INFO steinbock - img/TS-373_IMC02_MGUS_001.tiff
2026-04-23 10:36:38,158 INFO steinbock - img/TS-373_IMC02_MGUS_002.tiff
2026-04-23 10:36:38,163 INFO steinbock - img/TS-373_IMC02_MGUS_003.tiff
2026-04-23 10:36:38,166 INFO steinbock - img/TS-373_IMC02_MGUS_004.tiff
2026-04-23 10:36:38,168 INFO steinbock - img/TS-373_IMC02_MGUS_005.tiff
2026-04-23 10:36:39,000 INFO steinbock - img/TS-373_IMC01_UB_001.tiff
2026-04-23 10:36:39,769 INFO steinbock - img/TS-373_IMC01_UB_002.tiff
2026-04-23 10:36:43,257 INFO steinbock - img/TS-373_IMC05_MGUS_ROI1.tiff
2026-04-23 10:36:46,473 INFO steinbock - img/TS-373_IMC05_MGUS_ROI2.tiff
2026-04-23 10:36:49,700 INFO steinbock - img/TS-373_IMC09_B_ROI1.tiff
2026-04-23 10:36:53,185 INFO steinbock - img/TS-373_IMC09_B_ROI2.tiff
2026-04-23 10:36:53,197 INFO steinbock - images.csv


RETURN_CODE
0

POSTPROCESSING_FILTER
keep_source=mcd
min_width=1000
min_height=1000
images_kept=8
images_removed=7
removed=TS-373_IMC02_MGUS_003.tiff; source=TS-373_IMC02_MGUS.mcd; size=60x30; reason=width_lt_1000+height_lt_1000
removed=TS-373_IMC02_MGUS_004.tiff; source=TS-373_IMC02_MGUS.mcd; size=60x30; reason=width_lt_1000+height_lt_1000
removed=TS-373_IMC02_MGUS_005.tiff; source=TS-373_IMC02_MGUS.mcd; size=60x30; reason=width_lt_1000+height_lt_1000
removed=TS-373_IMC05_MGUS_ROI1.tiff; source=TS-373_IMC05_MGUS_ROI1.txt; size=1000x1000; reason=source_not_mcd
removed=TS-373_IMC05_MGUS_ROI2.tiff; source=TS-373_IMC05_MGUS_ROI2.txt; size=1000x1000; reason=source_not_mcd
removed=TS-373_IMC09_B_ROI1.tiff; source=TS-373_IMC09_B_ROI1.txt; size=1000x1000; reason=source_not_mcd
removed=TS-373_IMC09_B_ROI2.tiff; source=TS-373_IMC09_B_ROI2.txt; size=1000x1000; reason=source_not_mcd
